Decoder Comparison Script
Code distance L=3
Y-ratio: 0.3
Test shots per p: 1000
Error rates: [0.07, 0.08, 0.09, 0.1, 0.11]
Device: cpu
Code loaded: n_qubits=9

============================================================
MWPM Decoder Evaluation
============================================================

Testing p=0.070...
  LER: 5.800000e-02
  Avg Latency: 0.005827 ms
  Logical Errors: 58/1000

Testing p=0.080...
  LER: 8.100000e-02
  Avg Latency: 0.005443 ms
  Logical Errors: 81/1000

Testing p=0.090...
  LER: 9.400000e-02
  Avg Latency: 0.005657 ms
  Logical Errors: 94/1000

Testing p=0.100...
  LER: 1.160000e-01
  Avg Latency: 0.005377 ms
  Logical Errors: 116/1000

Testing p=0.110...
  LER: 1.220000e-01
  Avg Latency: 0.005790 ms
  Logical Errors: 122/1000

============================================================
FFNN Model Evaluation
============================================================
Model path: Final_Results_QECCT/surface/FFNN_Code_L_3/noise_model_independent/repetition_1/11_11_2025_22_06_01/final_model
Model loaded successfully (full model)

Testing p=0.070...
  LER: 4.800000e-02
  Avg Latency: 0.021867 ms
  Logical Errors: 48/1000

Testing p=0.080...
  LER: 6.000000e-02
  Avg Latency: 0.023883 ms
  Logical Errors: 60/1000

Testing p=0.090...
  LER: 8.400000e-02
  Avg Latency: 0.024139 ms
  Logical Errors: 84/1000

Testing p=0.100...
  LER: 9.600000e-02
  Avg Latency: 0.022974 ms
  Logical Errors: 96/1000

Testing p=0.110...
  LER: 1.200000e-01
  Avg Latency: 0.025275 ms
  Logical Errors: 120/1000

================================================================================
COMPARISON SUMMARY
================================================================================
p_error     MWPM LER            MWPM Latency(ms)         FFNN LER            FFNN Latency(ms)         
--------------------------------------------------------------------------------
0.070       5.800000e-02        0.005827                 4.800000e-02        0.021867                 
0.080       8.100000e-02        0.005443                 6.000000e-02        0.023883                 
0.090       9.400000e-02        0.005657                 8.400000e-02        0.024139                 
0.100       1.160000e-01        0.005377                 9.600000e-02        0.022974                 
0.110       1.220000e-01        0.005790                 1.200000e-01        0.025275                 
================================================================================
