Decoder Comparison Script
Code distance L=5
Y-ratio: 0.3
Test shots per p: 10000
Error rates: [0.01, 0.02, 0.03, 0.04, 0.05, 0.06, 0.07, 0.08, 0.09, 0.1, 0.11]
Device: cpu
Code loaded: n_qubits=25

============================================================
MWPM Decoder Evaluation
============================================================

Testing p=0.010...
  LER: 3.000000e-04
  Avg Latency: 0.014898 ms
  Logical Errors: 3/10000

Testing p=0.020...
  LER: 7.000000e-04
  Avg Latency: 0.012785 ms
  Logical Errors: 7/10000

Testing p=0.030...
  LER: 4.000000e-03
  Avg Latency: 0.011614 ms
  Logical Errors: 40/10000

Testing p=0.040...
  LER: 8.200000e-03
  Avg Latency: 0.012763 ms
  Logical Errors: 82/10000

Testing p=0.050...
  LER: 1.490000e-02
  Avg Latency: 0.013825 ms
  Logical Errors: 149/10000

Testing p=0.060...
  LER: 2.450000e-02
  Avg Latency: 0.012365 ms
  Logical Errors: 245/10000

Testing p=0.070...
  LER: 3.470000e-02
  Avg Latency: 0.013198 ms
  Logical Errors: 347/10000

Testing p=0.080...
  LER: 5.480000e-02
  Avg Latency: 0.013753 ms
  Logical Errors: 548/10000

Testing p=0.090...
  LER: 7.200000e-02
  Avg Latency: 0.014362 ms
  Logical Errors: 720/10000

Testing p=0.100...
  LER: 9.120000e-02
  Avg Latency: 0.014031 ms
  Logical Errors: 912/10000

Testing p=0.110...
  LER: 1.111000e-01
  Avg Latency: 0.013470 ms
  Logical Errors: 1111/10000

============================================================
TRANSFORMER Model Evaluation
============================================================
Model path: Final_Results_QECCT/surface/Transformer_Code_L_5/noise_model_independent/repetition_1/12_11_2025_22_20_35/best_model.zip
Model loaded successfully (full model)

Testing p=0.010...
  LER: 1.000000e-04
  Avg Latency: 5.610420 ms
  Logical Errors: 1/10000

Testing p=0.020...
  LER: 8.000000e-04
  Avg Latency: 6.100816 ms
  Logical Errors: 8/10000

Testing p=0.030...
  LER: 2.200000e-03
  Avg Latency: 5.231140 ms
  Logical Errors: 22/10000

Testing p=0.040...
  LER: 5.400000e-03
  Avg Latency: 5.119085 ms
  Logical Errors: 54/10000

Testing p=0.050...
  LER: 1.060000e-02
  Avg Latency: 5.292965 ms
  Logical Errors: 106/10000

Testing p=0.060...
  LER: 1.790000e-02
  Avg Latency: 5.868147 ms
  Logical Errors: 179/10000

Testing p=0.070...
  LER: 2.670000e-02
  Avg Latency: 5.813771 ms
  Logical Errors: 267/10000

Testing p=0.080...
  LER: 3.740000e-02
  Avg Latency: 5.707528 ms
  Logical Errors: 374/10000

Testing p=0.090...
  LER: 5.340000e-02
  Avg Latency: 5.905838 ms
  Logical Errors: 534/10000

Testing p=0.100...
  LER: 7.070000e-02
  Avg Latency: 5.852273 ms
  Logical Errors: 707/10000

Testing p=0.110...
  LER: 8.890000e-02
  Avg Latency: 5.950550 ms
  Logical Errors: 889/10000

================================================================================
COMPARISON SUMMARY
================================================================================
p_error     MWPM LER            MWPM Latency(ms)         Transformer LER     Transformer Latency(ms)  
--------------------------------------------------------------------------------
0.010       3.000000e-04        0.014898                 1.000000e-04        5.610420                 
0.020       7.000000e-04        0.012785                 8.000000e-04        6.100816                 
0.030       4.000000e-03        0.011614                 2.200000e-03        5.231140                 
0.040       8.200000e-03        0.012763                 5.400000e-03        5.119085                 
0.050       1.490000e-02        0.013825                 1.060000e-02        5.292965                 
0.060       2.450000e-02        0.012365                 1.790000e-02        5.868147                 
0.070       3.470000e-02        0.013198                 2.670000e-02        5.813771                 
0.080       5.480000e-02        0.013753                 3.740000e-02        5.707528                 
0.090       7.200000e-02        0.014362                 5.340000e-02        5.905838                 
0.100       9.120000e-02        0.014031                 7.070000e-02        5.852273                 
0.110       1.111000e-01        0.013470                 8.890000e-02        5.950550                 
================================================================================

Plot saved to: experiments/L5_correlated_y30/comparison_plot_20251112_122403.png
