Decoder Comparison Script
Code distance L=5
Y-ratio: 0.3
Test shots per p: 10000
Error rates: [0.07, 0.08, 0.09, 0.1, 0.11]
Device: cpu
Code loaded: n_qubits=25

============================================================
MWPM Decoder Evaluation
============================================================

Testing p=0.070...
  LER: 3.880000e-02
  Avg Latency: 0.010765 ms
  Logical Errors: 388/10000

Testing p=0.080...
  LER: 5.450000e-02
  Avg Latency: 0.011401 ms
  Logical Errors: 545/10000

Testing p=0.090...
  LER: 7.360000e-02
  Avg Latency: 0.010729 ms
  Logical Errors: 736/10000

Testing p=0.100...
  LER: 8.560000e-02
  Avg Latency: 0.010879 ms
  Logical Errors: 856/10000

Testing p=0.110...
  LER: 1.126000e-01
  Avg Latency: 0.009314 ms
  Logical Errors: 1126/10000

============================================================
TRANSFORMER Model Evaluation
============================================================
Model path: Final_Results_QECCT/surface/Transformer_Code_L_5/noise_model_independent/repetition_1/12_11_2025_22_20_35/best_model.zip
Model loaded successfully (full model)

Testing p=0.070...
  LER: 2.660000e-02
  Avg Latency: 4.452220 ms
  Logical Errors: 266/10000

Testing p=0.080...
  LER: 3.730000e-02
  Avg Latency: 4.538970 ms
  Logical Errors: 373/10000

Testing p=0.090...
  LER: 5.380000e-02
  Avg Latency: 4.671497 ms
  Logical Errors: 538/10000

Testing p=0.100...
  LER: 7.200000e-02
  Avg Latency: 4.549732 ms
  Logical Errors: 720/10000

Testing p=0.110...
  LER: 9.180000e-02
  Avg Latency: 4.588400 ms
  Logical Errors: 918/10000

================================================================================
COMPARISON SUMMARY
================================================================================
p_error     MWPM LER            MWPM Latency(ms)         Transformer LER     Transformer Latency(ms)  
--------------------------------------------------------------------------------
0.070       3.880000e-02        0.010765                 2.660000e-02        4.452220                 
0.080       5.450000e-02        0.011401                 3.730000e-02        4.538970                 
0.090       7.360000e-02        0.010729                 5.380000e-02        4.671497                 
0.100       8.560000e-02        0.010879                 7.200000e-02        4.549732                 
0.110       1.126000e-01        0.009314                 9.180000e-02        4.588400                 
================================================================================
