Decoder Comparison Script
Code distance L=3
Y-ratio: 0.0
Test shots per p: 10000
Error rates: [0.07, 0.08, 0.09, 0.1, 0.11]
Device: cpu
Code loaded: n_qubits=9

============================================================
MWPM Decoder Evaluation
============================================================

Testing p=0.070...
  LER: 6.990000e-02
  Avg Latency: 0.005607 ms
  Logical Errors: 699/10000

Testing p=0.080...
  LER: 7.940000e-02
  Avg Latency: 0.005616 ms
  Logical Errors: 794/10000

Testing p=0.090...
  LER: 9.950000e-02
  Avg Latency: 0.005664 ms
  Logical Errors: 995/10000

Testing p=0.100...
  LER: 1.219000e-01
  Avg Latency: 0.005736 ms
  Logical Errors: 1219/10000

Testing p=0.110...
  LER: 1.359000e-01
  Avg Latency: 0.006941 ms
  Logical Errors: 1359/10000

============================================================
FFNN Model Evaluation
============================================================
Model path: Final_Results_QECCT/surface/FFNN_Code_L_3/noise_model_independent/repetition_1/11_11_2025_22_06_01/best_model
Model loaded successfully

Testing p=0.070...
  LER: 5.360000e-02
  Avg Latency: 0.032826 ms
  Logical Errors: 536/10000

Testing p=0.080...
  LER: 7.020000e-02
  Avg Latency: 0.033475 ms
  Logical Errors: 702/10000

Testing p=0.090...
  LER: 8.920000e-02
  Avg Latency: 0.026336 ms
  Logical Errors: 892/10000

Testing p=0.100...
  LER: 9.730000e-02
  Avg Latency: 0.026166 ms
  Logical Errors: 973/10000

Testing p=0.110...
  LER: 1.198000e-01
  Avg Latency: 0.028534 ms
  Logical Errors: 1198/10000

================================================================================
COMPARISON SUMMARY
================================================================================
p_error     MWPM LER            MWPM Latency(ms)         FFNN LER            FFNN Latency(ms)         
--------------------------------------------------------------------------------
0.070       6.990000e-02        0.005607                 5.360000e-02        0.032826                 
0.080       7.940000e-02        0.005616                 7.020000e-02        0.033475                 
0.090       9.950000e-02        0.005664                 8.920000e-02        0.026336                 
0.100       1.219000e-01        0.005736                 9.730000e-02        0.026166                 
0.110       1.359000e-01        0.006941                 1.198000e-01        0.028534                 
================================================================================
